c:\users\jzn\documents\courses\kursutveckling\3d-programmering 1\uppgift 2\project\assignment 2\x64\debug\vc143.pdb
c:\users\jzn\documents\courses\kursutveckling\3d-programmering 1\uppgift 2\project\assignment 2\x64\debug\vc143.idb
c:\users\jzn\documents\courses\kursutveckling\3d-programmering 1\uppgift 2\project\assignment 2\x64\debug\windowhelper.obj
c:\users\jzn\documents\courses\kursutveckling\3d-programmering 1\uppgift 2\project\assignment 2\x64\debug\vertexbufferd3d11.obj
c:\users\jzn\documents\courses\kursutveckling\3d-programmering 1\uppgift 2\project\assignment 2\x64\debug\submeshd3d11.obj
c:\users\jzn\documents\courses\kursutveckling\3d-programmering 1\uppgift 2\project\assignment 2\x64\debug\structuredbufferd3d11.obj
c:\users\jzn\documents\courses\kursutveckling\3d-programmering 1\uppgift 2\project\assignment 2\x64\debug\spotlightcollectiond3d11.obj
c:\users\jzn\documents\courses\kursutveckling\3d-programmering 1\uppgift 2\project\assignment 2\x64\debug\shaderresourcetextured3d11.obj
c:\users\jzn\documents\courses\kursutveckling\3d-programmering 1\uppgift 2\project\assignment 2\x64\debug\shaderd3d11.obj
c:\users\jzn\documents\courses\kursutveckling\3d-programmering 1\uppgift 2\project\assignment 2\x64\debug\samplerd3d11.obj
c:\users\jzn\documents\courses\kursutveckling\3d-programmering 1\uppgift 2\project\assignment 2\x64\debug\rendertargetd3d11.obj
c:\users\jzn\documents\courses\kursutveckling\3d-programmering 1\uppgift 2\project\assignment 2\x64\debug\parallaxocclusionpipeline.obj
c:\users\jzn\documents\courses\kursutveckling\3d-programmering 1\uppgift 2\project\assignment 2\x64\debug\meshd3d11.obj
c:\users\jzn\documents\courses\kursutveckling\3d-programmering 1\uppgift 2\project\assignment 2\x64\debug\main.obj
c:\users\jzn\documents\courses\kursutveckling\3d-programmering 1\uppgift 2\project\assignment 2\x64\debug\inputlayoutd3d11.obj
c:\users\jzn\documents\courses\kursutveckling\3d-programmering 1\uppgift 2\project\assignment 2\x64\debug\indexbufferd3d11.obj
c:\users\jzn\documents\courses\kursutveckling\3d-programmering 1\uppgift 2\project\assignment 2\x64\debug\depthbufferd3d11.obj
c:\users\jzn\documents\courses\kursutveckling\3d-programmering 1\uppgift 2\project\assignment 2\x64\debug\d3d11helper.obj
c:\users\jzn\documents\courses\kursutveckling\3d-programmering 1\uppgift 2\project\assignment 2\x64\debug\constantbufferd3d11.obj
c:\users\jzn\documents\courses\kursutveckling\3d-programmering 1\uppgift 2\project\assignment 2\x64\debug\camerad3d11.obj
c:\users\jzn\documents\courses\kursutveckling\3d-programmering 1\uppgift 2\project\x64\debug\parallaxocclusionps.cso
c:\users\jzn\documents\courses\kursutveckling\3d-programmering 1\uppgift 2\project\x64\debug\parallaxocclusionvs.cso
c:\users\jzn\documents\courses\kursutveckling\3d-programmering 1\uppgift 2\project\assignment 2\x64\debug\assignment 2.ilk
c:\users\jzn\documents\courses\kursutveckling\3d-programmering 1\uppgift 2\project\x64\debug\assignment 2.exe
c:\users\jzn\documents\courses\kursutveckling\3d-programmering 1\uppgift 2\project\x64\debug\assignment 2.pdb
c:\users\jzn\documents\courses\kursutveckling\3d-programmering 1\uppgift 2\till studenterna\project\assignment 2\x64\debug\camerad3d11.obj
c:\users\jzn\documents\courses\kursutveckling\3d-programmering 1\uppgift 2\till studenterna\project\assignment 2\x64\debug\constantbufferd3d11.obj
c:\users\jzn\documents\courses\kursutveckling\3d-programmering 1\uppgift 2\till studenterna\project\assignment 2\x64\debug\d3d11helper.obj
c:\users\jzn\documents\courses\kursutveckling\3d-programmering 1\uppgift 2\till studenterna\project\assignment 2\x64\debug\depthbufferd3d11.obj
c:\users\jzn\documents\courses\kursutveckling\3d-programmering 1\uppgift 2\till studenterna\project\assignment 2\x64\debug\indexbufferd3d11.obj
c:\users\jzn\documents\courses\kursutveckling\3d-programmering 1\uppgift 2\till studenterna\project\assignment 2\x64\debug\inputlayoutd3d11.obj
c:\users\jzn\documents\courses\kursutveckling\3d-programmering 1\uppgift 2\till studenterna\project\assignment 2\x64\debug\main.obj
c:\users\jzn\documents\courses\kursutveckling\3d-programmering 1\uppgift 2\till studenterna\project\assignment 2\x64\debug\meshd3d11.obj
c:\users\jzn\documents\courses\kursutveckling\3d-programmering 1\uppgift 2\till studenterna\project\assignment 2\x64\debug\parallaxocclusionpipeline.obj
c:\users\jzn\documents\courses\kursutveckling\3d-programmering 1\uppgift 2\till studenterna\project\assignment 2\x64\debug\rendertargetd3d11.obj
c:\users\jzn\documents\courses\kursutveckling\3d-programmering 1\uppgift 2\till studenterna\project\assignment 2\x64\debug\samplerd3d11.obj
c:\users\jzn\documents\courses\kursutveckling\3d-programmering 1\uppgift 2\till studenterna\project\assignment 2\x64\debug\shaderd3d11.obj
c:\users\jzn\documents\courses\kursutveckling\3d-programmering 1\uppgift 2\till studenterna\project\assignment 2\x64\debug\shaderresourcetextured3d11.obj
c:\users\jzn\documents\courses\kursutveckling\3d-programmering 1\uppgift 2\till studenterna\project\assignment 2\x64\debug\spotlightcollectiond3d11.obj
c:\users\jzn\documents\courses\kursutveckling\3d-programmering 1\uppgift 2\till studenterna\project\assignment 2\x64\debug\structuredbufferd3d11.obj
c:\users\jzn\documents\courses\kursutveckling\3d-programmering 1\uppgift 2\till studenterna\project\assignment 2\x64\debug\submeshd3d11.obj
c:\users\jzn\documents\courses\kursutveckling\3d-programmering 1\uppgift 2\till studenterna\project\assignment 2\x64\debug\vertexbufferd3d11.obj
c:\users\jzn\documents\courses\kursutveckling\3d-programmering 1\uppgift 2\till studenterna\project\assignment 2\x64\debug\windowhelper.obj
c:\users\jzn\documents\courses\kursutveckling\3d-programmering 1\uppgift 2\till studenterna\project\assignment 2\x64\debug\assignment 2.ilk
c:\users\jzn\documents\courses\kursutveckling\3d-programmering 1\uppgift 2\till studenterna\project\assignment 2\x64\debug\vc143.idb
c:\users\jzn\documents\courses\kursutveckling\3d-programmering 1\uppgift 2\till studenterna\project\assignment 2\x64\debug\vc143.pdb
c:\users\jzn\documents\courses\kursutveckling\3d-programmering 1\uppgift 2\till studenterna\project\x64\debug\assignment 2.pdb
c:\users\jzn\documents\courses\kursutveckling\3d-programmering 1\uppgift 2\till studenterna\project\x64\debug\assignment 2.exe
c:\users\jzn\documents\courses\kursutveckling\3d-programmering 1\uppgift 2\till studenterna\project\assignment 2\x64\debug\assignment 2.tlog\cl.command.1.tlog
c:\users\jzn\documents\courses\kursutveckling\3d-programmering 1\uppgift 2\till studenterna\project\assignment 2\x64\debug\assignment 2.tlog\cl.read.1.tlog
c:\users\jzn\documents\courses\kursutveckling\3d-programmering 1\uppgift 2\till studenterna\project\assignment 2\x64\debug\assignment 2.tlog\cl.write.1.tlog
c:\users\jzn\documents\courses\kursutveckling\3d-programmering 1\uppgift 2\till studenterna\project\assignment 2\x64\debug\assignment 2.tlog\fxc.command.1.tlog
c:\users\jzn\documents\courses\kursutveckling\3d-programmering 1\uppgift 2\till studenterna\project\assignment 2\x64\debug\assignment 2.tlog\fxc.read.1.tlog
c:\users\jzn\documents\courses\kursutveckling\3d-programmering 1\uppgift 2\till studenterna\project\assignment 2\x64\debug\assignment 2.tlog\fxc.write.1.tlog
c:\users\jzn\documents\courses\kursutveckling\3d-programmering 1\uppgift 2\till studenterna\project\assignment 2\x64\debug\assignment 2.tlog\link.command.1.tlog
c:\users\jzn\documents\courses\kursutveckling\3d-programmering 1\uppgift 2\till studenterna\project\assignment 2\x64\debug\assignment 2.tlog\link.read.1.tlog
c:\users\jzn\documents\courses\kursutveckling\3d-programmering 1\uppgift 2\till studenterna\project\assignment 2\x64\debug\assignment 2.tlog\link.write.1.tlog
